2025-01-17 23:02:23,137 - __main__ - INFO - Successfully fetched CIK data for GEODE CAPITAL MANAGEMENT, LLC
2025-01-17 23:02:23,140 - __main__ - INFO - Successfully fetched CIK data for BANK OF AMERICA CORP /DE/
2025-01-17 23:02:23,142 - __main__ - INFO - Successfully fetched CIK data for FIRST REPUBLIC INVESTMENT MANAGEMENT, INC.
2025-01-17 23:02:23,150 - __main__ - INFO - Successfully fetched CIK data for BlackRock Inc.
2025-01-17 23:02:23,178 - __main__ - INFO - Successfully fetched CIK data for BERKSHIRE HATHAWAY INC
2025-01-17 23:02:23,192 - __main__ - INFO - Successfully fetched CIK data for APG Asset Management N.V.
2025-01-17 23:02:23,219 - __main__ - INFO - Successfully fetched CIK data for NORGES BANK
2025-01-17 23:02:23,321 - __main__ - INFO - Successfully fetched CIK data for JANE STREET GROUP, LLC
2025-01-17 23:02:25,434 - __main__ - INFO - Successfully fetched CIK data for FMR LLC
2025-01-17 23:02:25,446 - __main__ - INFO - Successfully fetched CIK data for MILLENNIUM MANAGEMENT LLC
2025-01-17 23:02:25,523 - __main__ - INFO - Successfully fetched CIK data for Legal & General Group Plc
2025-01-17 23:02:25,530 - __main__ - INFO - Successfully fetched CIK data for BlackRock Funding, Inc. /DE
2025-01-17 23:02:25,538 - __main__ - INFO - Successfully fetched CIK data for H&H International Investment, LLC
2025-01-17 23:02:25,558 - __main__ - INFO - Successfully fetched CIK data for PUBLIC EMPLOYEES RETIREMENT SYSTEM OF OHIO
2025-01-17 23:02:25,559 - __main__ - INFO - Successfully fetched CIK data for GQG Partners LLC
2025-01-17 23:02:27,707 - __main__ - INFO - Successfully fetched CIK data for VANGUARD GROUP INC
2025-01-17 23:02:27,737 - __main__ - INFO - Successfully fetched CIK data for WELLINGTON MANAGEMENT GROUP LLP
2025-01-17 23:02:30,107 - __main__ - INFO - Successfully fetched CIK data for Strategic Financial Concepts, LLC
2025-01-17 23:02:30,205 - __main__ - INFO - Successfully fetched CIK data for STATE STREET CORP
2025-01-17 23:02:30,594 - __main__ - INFO - Successfully fetched CIK data for SG Americas Securities, LLC
